{"C:\\Users\\utilisateur\\Desktop\\TP2ArchiLog\\TP2\\test\\actors.js":{"path":"C:\\Users\\utilisateur\\Desktop\\TP2ArchiLog\\TP2\\test\\actors.js","s":{"1":1,"2":1,"3":1,"4":1,"5":1,"6":1,"7":0,"8":0,"9":0,"10":0,"11":0,"12":0,"13":0,"14":0,"15":0,"16":0,"17":0,"18":0,"19":0,"20":0,"21":0,"22":0,"23":0,"24":0,"25":0,"26":0,"27":0,"28":0,"29":0,"30":0,"31":0,"32":0,"33":0,"34":0,"35":0,"36":0,"37":0,"38":0},"b":{},"f":{"1":0,"2":0,"3":0,"4":0,"5":0,"6":0,"7":0,"8":0,"9":0,"10":0,"11":0,"12":0,"13":0,"14":0,"15":0,"16":0,"17":0},"fnMap":{"1":{"name":"(anonymous_1)","line":9,"loc":{"start":{"line":9,"column":19},"end":{"line":9,"column":30}}},"2":{"name":"(anonymous_2)","line":12,"loc":{"start":{"line":12,"column":9},"end":{"line":12,"column":24}}},"3":{"name":"(anonymous_3)","line":13,"loc":{"start":{"line":13,"column":21},"end":{"line":13,"column":42}}},"4":{"name":"(anonymous_4)","line":19,"loc":{"start":{"line":19,"column":25},"end":{"line":19,"column":35}}},"5":{"name":"(anonymous_5)","line":20,"loc":{"start":{"line":20,"column":33},"end":{"line":20,"column":47}}},"6":{"name":"(anonymous_6)","line":33,"loc":{"start":{"line":33,"column":58},"end":{"line":33,"column":73}}},"7":{"name":"(anonymous_7)","line":46,"loc":{"start":{"line":46,"column":53},"end":{"line":46,"column":68}}},"8":{"name":"(anonymous_8)","line":55,"loc":{"start":{"line":55,"column":19},"end":{"line":55,"column":37}}},"9":{"name":"(anonymous_9)","line":63,"loc":{"start":{"line":63,"column":24},"end":{"line":63,"column":35}}},"10":{"name":"(anonymous_10)","line":64,"loc":{"start":{"line":64,"column":40},"end":{"line":64,"column":54}}},"11":{"name":"(anonymous_11)","line":70,"loc":{"start":{"line":70,"column":56},"end":{"line":70,"column":70}}},"12":{"name":"(anonymous_12)","line":78,"loc":{"start":{"line":78,"column":24},"end":{"line":78,"column":35}}},"13":{"name":"(anonymous_13)","line":79,"loc":{"start":{"line":79,"column":30},"end":{"line":79,"column":45}}},"14":{"name":"(anonymous_14)","line":91,"loc":{"start":{"line":91,"column":34},"end":{"line":91,"column":49}}},"15":{"name":"(anonymous_15)","line":95,"loc":{"start":{"line":95,"column":11},"end":{"line":95,"column":30}}},"16":{"name":"(anonymous_16)","line":155,"loc":{"start":{"line":155,"column":27},"end":{"line":155,"column":38}}},"17":{"name":"(anonymous_17)","line":156,"loc":{"start":{"line":156,"column":33},"end":{"line":156,"column":48}}}},"statementMap":{"1":{"start":{"line":1,"column":0},"end":{"line":1,"column":32}},"2":{"start":{"line":2,"column":0},"end":{"line":2,"column":32}},"3":{"start":{"line":3,"column":0},"end":{"line":3,"column":35}},"4":{"start":{"line":6,"column":0},"end":{"line":6,"column":39}},"5":{"start":{"line":7,"column":0},"end":{"line":7,"column":48}},"6":{"start":{"line":9,"column":0},"end":{"line":162,"column":3}},"7":{"start":{"line":12,"column":2},"end":{"line":16,"column":5}},"8":{"start":{"line":13,"column":4},"end":{"line":15,"column":7}},"9":{"start":{"line":14,"column":6},"end":{"line":14,"column":16}},"10":{"start":{"line":19,"column":2},"end":{"line":60,"column":5}},"11":{"start":{"line":20,"column":4},"end":{"line":31,"column":7}},"12":{"start":{"line":21,"column":6},"end":{"line":25,"column":8}},"13":{"start":{"line":27,"column":6},"end":{"line":30,"column":25}},"14":{"start":{"line":33,"column":4},"end":{"line":44,"column":7}},"15":{"start":{"line":34,"column":6},"end":{"line":38,"column":8}},"16":{"start":{"line":40,"column":6},"end":{"line":43,"column":25}},"17":{"start":{"line":46,"column":4},"end":{"line":59,"column":7}},"18":{"start":{"line":47,"column":6},"end":{"line":50,"column":8}},"19":{"start":{"line":52,"column":6},"end":{"line":58,"column":9}},"20":{"start":{"line":56,"column":8},"end":{"line":56,"column":33}},"21":{"start":{"line":57,"column":8},"end":{"line":57,"column":18}},"22":{"start":{"line":63,"column":2},"end":{"line":75,"column":5}},"23":{"start":{"line":64,"column":4},"end":{"line":68,"column":7}},"24":{"start":{"line":65,"column":6},"end":{"line":67,"column":25}},"25":{"start":{"line":70,"column":4},"end":{"line":74,"column":7}},"26":{"start":{"line":71,"column":6},"end":{"line":73,"column":25}},"27":{"start":{"line":78,"column":2},"end":{"line":101,"column":5}},"28":{"start":{"line":79,"column":4},"end":{"line":89,"column":7}},"29":{"start":{"line":80,"column":6},"end":{"line":83,"column":8}},"30":{"start":{"line":85,"column":6},"end":{"line":88,"column":25}},"31":{"start":{"line":91,"column":4},"end":{"line":100,"column":7}},"32":{"start":{"line":92,"column":6},"end":{"line":99,"column":9}},"33":{"start":{"line":96,"column":8},"end":{"line":96,"column":45}},"34":{"start":{"line":97,"column":8},"end":{"line":97,"column":45}},"35":{"start":{"line":98,"column":8},"end":{"line":98,"column":15}},"36":{"start":{"line":155,"column":2},"end":{"line":161,"column":5}},"37":{"start":{"line":156,"column":4},"end":{"line":160,"column":7}},"38":{"start":{"line":157,"column":6},"end":{"line":159,"column":25}}},"branchMap":{}}}