TN:
SF:C:\Users\utilisateur\Desktop\TP2ArchiLog\TP2\test\actors.js
FN:9,(anonymous_1)
FN:12,(anonymous_2)
FN:13,(anonymous_3)
FN:19,(anonymous_4)
FN:20,(anonymous_5)
FN:33,(anonymous_6)
FN:46,(anonymous_7)
FN:55,(anonymous_8)
FN:63,(anonymous_9)
FN:64,(anonymous_10)
FN:70,(anonymous_11)
FN:78,(anonymous_12)
FN:79,(anonymous_13)
FN:91,(anonymous_14)
FN:95,(anonymous_15)
FN:155,(anonymous_16)
FN:156,(anonymous_17)
FNF:17
FNH:0
FNDA:0,(anonymous_1)
FNDA:0,(anonymous_2)
FNDA:0,(anonymous_3)
FNDA:0,(anonymous_4)
FNDA:0,(anonymous_5)
FNDA:0,(anonymous_6)
FNDA:0,(anonymous_7)
FNDA:0,(anonymous_8)
FNDA:0,(anonymous_9)
FNDA:0,(anonymous_10)
FNDA:0,(anonymous_11)
FNDA:0,(anonymous_12)
FNDA:0,(anonymous_13)
FNDA:0,(anonymous_14)
FNDA:0,(anonymous_15)
FNDA:0,(anonymous_16)
FNDA:0,(anonymous_17)
DA:1,1
DA:2,1
DA:3,1
DA:6,1
DA:7,1
DA:9,1
DA:12,0
DA:13,0
DA:14,0
DA:19,0
DA:20,0
DA:21,0
DA:27,0
DA:33,0
DA:34,0
DA:40,0
DA:46,0
DA:47,0
DA:52,0
DA:56,0
DA:57,0
DA:63,0
DA:64,0
DA:65,0
DA:70,0
DA:71,0
DA:78,0
DA:79,0
DA:80,0
DA:85,0
DA:91,0
DA:92,0
DA:96,0
DA:97,0
DA:98,0
DA:155,0
DA:156,0
DA:157,0
LF:38
LH:6
BRF:0
BRH:0
end_of_record
